<?xml version="1.0" encoding="UTF-8"?>
<!-- Generated by org.testng.reporters.JUnitReportReporter -->
<testsuite hostname="DESKTOP-T4FF5L5" failures="0" tests="2" name="com.rahul.crmo.FreeCrmTest" time="57.240" errors="0" timestamp="2023-07-30T17:37:49 IST" skipped="0">
  <testcase classname="com.rahul.crmo.FreeCrmTest" name="loginWithCustomerUserTest" time="29.217"/>
  <system-out/>
  <testcase classname="com.rahul.crmo.FreeCrmTest" name="loginWithAdminUserTest" time="28.023"/>
  <system-out/>
</testsuite> <!-- com.rahul.crmo.FreeCrmTest -->
