<?xml version="1.0" encoding="UTF-8"?>
<!-- Generated by org.testng.reporters.JUnitReportReporter -->
<testsuite hostname="DESKTOP-T4FF5L5" failures="0" tests="1" name="com.rahul.datehandling.crmo.DateHandlingTest" time="26.441" errors="0" timestamp="2023-07-27T22:10:36 IST" skipped="0">
  <testcase classname="com.rahul.datehandling.crmo.DateHandlingTest" name="loginSteps" time="26.441"/>
  <system-out/>
</testsuite> <!-- com.rahul.datehandling.crmo.DateHandlingTest -->
